This is pdfeTeX, Version 3.141592-1.21a-2.2 (Web2C 7.5.4) (format=pdflatex 2010.5.17)  7 OCT 2014 10:16
entering extended mode
**glossaries.dtx
(./glossaries.dtx
LaTeX2e <2003/12/01>
Babel <v3.8d> and hyphenation patterns for american, french, german, ngerman, b
ahasa, basque, bulgarian, catalan, croatian, czech, danish, dutch, esperanto, e
stonian, finnish, greek, icelandic, irish, italian, latin, magyar, norsk, polis
h, portuges, romanian, russian, serbian, slovak, slovene, spanish, swedish, tur
kish, ukrainian, nohyphenation, loaded.

! LaTeX Error: File `nlctdoc.cls' not found.

Type X to quit or <RETURN> to proceed,
or enter new name. (Default extension: cls)

Enter file name: makeindex -s gind.ist glossaries.idx

! LaTeX Error: Missing \begin{document}.

See the LaTeX manual or LaTeX Companion for explanation.
Type  H <return>  for immediate help.
 ...                                              
                                                  
l.62 
     
? makeindex -s gglo.ist -o glossaries.gls glossaries.glo
Type <return> to proceed, S to scroll future error messages,
R to run without stopping, Q to run quietly,
I to insert something, E to edit your file,
1 or ... or 9 to ignore the next 1 to 9 tokens of input,
H for help, X to quit.
? makeglossaries glossaries
Type <return> to proceed, S to scroll future error messages,
R to run without stopping, Q to run quietly,
I to insert something, E to edit your file,
1 or ... or 9 to ignore the next 1 to 9 tokens of input,
H for help, X to quit.
? pdflatex -jobname glossaries-code glossaries.dtx
Type <return> to proceed, S to scroll future error messages,
R to run without stopping, Q to run quietly,
I to insert something, E to edit your file,
1 or ... or 9 to ignore the next 1 to 9 tokens of input,
H for help, X to quit.
? pdflatex -jobname glossaries-code glossaries.dtx
Type <return> to proceed, S to scroll future error messages,
R to run without stopping, Q to run quietly,
I to insert something, E to edit your file,
1 or ... or 9 to ignore the next 1 to 9 tokens of input,
H for help, X to quit.
? 
Missing character: There is no - in font nullfont!
Missing character: There is no s in font nullfont!
Missing character: There is no g in font nullfont!
Missing character: There is no i in font nullfont!
Missing character: There is no n in font nullfont!
Missing character: There is no d in font nullfont!
Missing character: There is no . in font nullfont!
Missing character: There is no i in font nullfont!
Missing character: There is no s in font nullfont!
Missing character: There is no t in font nullfont!
Missing character: There is no g in font nullfont!
Missing character: There is no l in font nullfont!
Missing character: There is no o in font nullfont!
Missing character: There is no s in font nullfont!
Missing character: There is no s in font nullfont!
Missing character: There is no a in font nullfont!
Missing character: There is no r in font nullfont!
Missing character: There is no i in font nullfont!
Missing character: There is no e in font nullfont!
Missing character: There is no s in font nullfont!
Missing character: There is no . in font nullfont!
Missing character: There is no i in font nullfont!
Missing character: There is no d in font nullfont!
Missing character: There is no x in font nullfont!

! LaTeX Error: File `makeindex -s gind.ist glossaries.idx' not found.

Type X to quit or <RETURN> to proceed,
or enter new name. (Default extension: ist glossaries.idx)

Enter file name: 

Overfull \hbox (20.0pt too wide) in paragraph at lines 62--62
[]
 []

(/usr/share/texmf/tex/latex/base/alltt.sty
Package: alltt 1997/06/16 v2.0g defines alltt environment
)
(/usr/share/texmf/tex/latex/psnfss/pifont.sty
Package: pifont 2004/09/15 PSNFSS-v9.2 Pi font support (SPQR) 
LaTeX Font Info:    Try loading font information for U+pzd on input line 63.

(/usr/share/texmf/tex/latex/psnfss/upzd.fd
File: upzd.fd 2001/06/04 font definitions for U/pzd.
)
LaTeX Font Info:    Try loading font information for U+psy on input line 64.

(/usr/share/texmf/tex/latex/psnfss/upsy.fd
File: upsy.fd 2001/06/04 font definitions for U/psy.
))
(/usr/share/texmf/tex/latex/base/inputenc.sty
Package: inputenc 2004/02/05 v1.0d Input encoding file

(/usr/share/texmf/tex/latex/base/utf8.def
File: utf8.def 2004/02/09 v1.1b UTF-8 support for inputenc
Now handling font encoding OML ...
... no UTF-8 mapping file for font encoding OML
Now handling font encoding T1 ...
... processing UTF-8 mapping file for font encoding T1

(/usr/share/texmf/tex/latex/base/t1enc.dfu
File: t1enc.dfu 2004/02/09 v1.1b UTF-8 support for inputenc
   defining Unicode char U+00A1 (decimal 161)
   defining Unicode char U+00A3 (decimal 163)
   defining Unicode char U+00AB (decimal 171)
   defining Unicode char U+00BB (decimal 187)
   defining Unicode char U+00BF (decimal 191)
   defining Unicode char U+00C0 (decimal 192)
   defining Unicode char U+00C1 (decimal 193)
   defining Unicode char U+00C2 (decimal 194)
   defining Unicode char U+00C3 (decimal 195)
   defining Unicode char U+00C4 (decimal 196)
   defining Unicode char U+00C5 (decimal 197)
   defining Unicode char U+00C6 (decimal 198)
   defining Unicode char U+00C7 (decimal 199)
   defining Unicode char U+00C8 (decimal 200)
   defining Unicode char U+00C9 (decimal 201)
   defining Unicode char U+00CA (decimal 202)
   defining Unicode char U+00CB (decimal 203)
   defining Unicode char U+00CC (decimal 204)
   defining Unicode char U+00CD (decimal 205)
   defining Unicode char U+00CE (decimal 206)
   defining Unicode char U+00CF (decimal 207)
   defining Unicode char U+00D0 (decimal 208)
   defining Unicode char U+00D1 (decimal 209)
   defining Unicode char U+00D2 (decimal 210)
   defining Unicode char U+00D3 (decimal 211)
   defining Unicode char U+00D4 (decimal 212)
   defining Unicode char U+00D5 (decimal 213)
   defining Unicode char U+00D6 (decimal 214)
   defining Unicode char U+00D8 (decimal 216)
   defining Unicode char U+00D9 (decimal 217)
   defining Unicode char U+00DA (decimal 218)
   defining Unicode char U+00DB (decimal 219)
   defining Unicode char U+00DC (decimal 220)
   defining Unicode char U+00DD (decimal 221)
   defining Unicode char U+00DE (decimal 222)
   defining Unicode char U+00DF (decimal 223)
   defining Unicode char U+00E0 (decimal 224)
   defining Unicode char U+00E1 (decimal 225)
   defining Unicode char U+00E2 (decimal 226)
   defining Unicode char U+00E3 (decimal 227)
   defining Unicode char U+00E4 (decimal 228)
   defining Unicode char U+00E5 (decimal 229)
   defining Unicode char U+00E6 (decimal 230)
   defining Unicode char U+00E7 (decimal 231)
   defining Unicode char U+00E8 (decimal 232)
   defining Unicode char U+00E9 (decimal 233)
   defining Unicode char U+00EA (decimal 234)
   defining Unicode char U+00EB (decimal 235)
   defining Unicode char U+00EC (decimal 236)
   defining Unicode char U+00ED (decimal 237)
   defining Unicode char U+00EE (decimal 238)
   defining Unicode char U+00EF (decimal 239)
   defining Unicode char U+00F0 (decimal 240)
   defining Unicode char U+00F1 (decimal 241)
   defining Unicode char U+00F2 (decimal 242)
   defining Unicode char U+00F3 (decimal 243)
   defining Unicode char U+00F4 (decimal 244)
   defining Unicode char U+00F5 (decimal 245)
   defining Unicode char U+00F6 (decimal 246)
   defining Unicode char U+00F8 (decimal 248)
   defining Unicode char U+00F9 (decimal 249)
   defining Unicode char U+00FA (decimal 250)
   defining Unicode char U+00FB (decimal 251)
   defining Unicode char U+00FC (decimal 252)
   defining Unicode char U+00FD (decimal 253)
   defining Unicode char U+00FE (decimal 254)
   defining Unicode char U+00FF (decimal 255)
   defining Unicode char U+0102 (decimal 258)
   defining Unicode char U+0103 (decimal 259)
   defining Unicode char U+0104 (decimal 260)
   defining Unicode char U+0105 (decimal 261)
   defining Unicode char U+0106 (decimal 262)
   defining Unicode char U+0107 (decimal 263)
   defining Unicode char U+010C (decimal 268)
   defining Unicode char U+010D (decimal 269)
   defining Unicode char U+010E (decimal 270)
   defining Unicode char U+010F (decimal 271)
   defining Unicode char U+0110 (decimal 272)
   defining Unicode char U+0111 (decimal 273)
   defining Unicode char U+0118 (decimal 280)
   defining Unicode char U+0119 (decimal 281)
   defining Unicode char U+011A (decimal 282)
   defining Unicode char U+011B (decimal 283)
   defining Unicode char U+011E (decimal 286)
   defining Unicode char U+011F (decimal 287)
   defining Unicode char U+0130 (decimal 304)
   defining Unicode char U+0131 (decimal 305)
   defining Unicode char U+0139 (decimal 313)
   defining Unicode char U+013A (decimal 314)
   defining Unicode char U+013D (decimal 317)
   defining Unicode char U+013E (decimal 318)
   defining Unicode char U+0141 (decimal 321)
   defining Unicode char U+0142 (decimal 322)
   defining Unicode char U+0143 (decimal 323)
   defining Unicode char U+0144 (decimal 324)
   defining Unicode char U+0147 (decimal 327)
   defining Unicode char U+0148 (decimal 328)
   defining Unicode char U+014A (decimal 330)
   defining Unicode char U+014B (decimal 331)
   defining Unicode char U+0150 (decimal 336)
   defining Unicode char U+0151 (decimal 337)
   defining Unicode char U+0152 (decimal 338)
   defining Unicode char U+0153 (decimal 339)
   defining Unicode char U+0154 (decimal 340)
   defining Unicode char U+0155 (decimal 341)
   defining Unicode char U+0158 (decimal 344)
   defining Unicode char U+0159 (decimal 345)
   defining Unicode char U+015A (decimal 346)
   defining Unicode char U+015B (decimal 347)
   defining Unicode char U+015E (decimal 350)
   defining Unicode char U+015F (decimal 351)
   defining Unicode char U+0160 (decimal 352)
   defining Unicode char U+0161 (decimal 353)
   defining Unicode char U+0162 (decimal 354)
   defining Unicode char U+0163 (decimal 355)
   defining Unicode char U+0164 (decimal 356)
   defining Unicode char U+0165 (decimal 357)
   defining Unicode char U+016E (decimal 366)
   defining Unicode char U+016F (decimal 367)
   defining Unicode char U+0170 (decimal 368)
   defining Unicode char U+0171 (decimal 369)
   defining Unicode char U+0178 (decimal 376)
   defining Unicode char U+0179 (decimal 377)
   defining Unicode char U+017A (decimal 378)
   defining Unicode char U+017B (decimal 379)
   defining Unicode char U+017C (decimal 380)
   defining Unicode char U+017D (decimal 381)
   defining Unicode char U+017E (decimal 382)
   defining Unicode char U+200C (decimal 8204)
   defining Unicode char U+2013 (decimal 8211)
   defining Unicode char U+2014 (decimal 8212)
   defining Unicode char U+2018 (decimal 8216)
   defining Unicode char U+2019 (decimal 8217)
   defining Unicode char U+201A (decimal 8218)
   defining Unicode char U+201C (decimal 8220)
   defining Unicode char U+201D (decimal 8221)
   defining Unicode char U+201E (decimal 8222)
   defining Unicode char U+2030 (decimal 8240)
   defining Unicode char U+2031 (decimal 8241)
   defining Unicode char U+2039 (decimal 8249)
   defining Unicode char U+203A (decimal 8250)
   defining Unicode char U+2423 (decimal 9251)
)
Now handling font encoding OT1 ...
... processing UTF-8 mapping file for font encoding OT1

(/usr/share/texmf/tex/latex/base/ot1enc.dfu
File: ot1enc.dfu 2004/02/09 v1.1b UTF-8 support for inputenc
   defining Unicode char U+00A1 (decimal 161)
   defining Unicode char U+00A3 (decimal 163)
   defining Unicode char U+00B8 (decimal 184)
   defining Unicode char U+00BF (decimal 191)
   defining Unicode char U+00C5 (decimal 197)
   defining Unicode char U+00C6 (decimal 198)
   defining Unicode char U+00D8 (decimal 216)
   defining Unicode char U+00DF (decimal 223)
   defining Unicode char U+00E6 (decimal 230)
   defining Unicode char U+00EC (decimal 236)
   defining Unicode char U+00ED (decimal 237)
   defining Unicode char U+00EE (decimal 238)
   defining Unicode char U+00EF (decimal 239)
   defining Unicode char U+00F8 (decimal 248)
   defining Unicode char U+0131 (decimal 305)
   defining Unicode char U+0141 (decimal 321)
   defining Unicode char U+0142 (decimal 322)
   defining Unicode char U+0152 (decimal 338)
   defining Unicode char U+0153 (decimal 339)
   defining Unicode char U+2013 (decimal 8211)
   defining Unicode char U+2014 (decimal 8212)
   defining Unicode char U+2018 (decimal 8216)
   defining Unicode char U+2019 (decimal 8217)
   defining Unicode char U+201C (decimal 8220)
   defining Unicode char U+201D (decimal 8221)
)
Now handling font encoding OMS ...
... processing UTF-8 mapping file for font encoding OMS

(/usr/share/texmf/tex/latex/base/omsenc.dfu
File: omsenc.dfu 2004/02/09 v1.1b UTF-8 support for inputenc
   defining Unicode char U+00A7 (decimal 167)
   defining Unicode char U+00B6 (decimal 182)
   defining Unicode char U+02D9 (decimal 729)
   defining Unicode char U+2020 (decimal 8224)
   defining Unicode char U+2021 (decimal 8225)
   defining Unicode char U+2022 (decimal 8226)
)
Now handling font encoding OMX ...
... no UTF-8 mapping file for font encoding OMX
Now handling font encoding U ...
... no UTF-8 mapping file for font encoding U
   defining Unicode char U+00A9 (decimal 169)
   defining Unicode char U+00AA (decimal 170)
   defining Unicode char U+00AE (decimal 174)
   defining Unicode char U+00BA (decimal 186)
   defining Unicode char U+02C6 (decimal 710)
   defining Unicode char U+02CA (decimal 714)
   defining Unicode char U+200C (decimal 8204)
   defining Unicode char U+2026 (decimal 8230)
   defining Unicode char U+2122 (decimal 8482)
   defining Unicode char U+2423 (decimal 9251)
))
(/usr/share/texmf/tex/latex/base/fontenc.sty
Package: fontenc 2004/02/22 v1.99f Standard LaTeX package

(/usr/share/texmf/tex/latex/base/t1enc.def
File: t1enc.def 2004/02/22 v1.99f Standard LaTeX file
LaTeX Font Info:    Redeclaring font encoding T1 on input line 43.
))
(/usr/share/texmf/tex/latex/hyperref/hyperref.sty
Package: hyperref 2003/11/30 v6.74m Hypertext links for LaTeX

(/usr/share/texmf/tex/latex/graphics/keyval.sty
Package: keyval 1999/03/16 v1.13 key=value parser (DPC)
\KV@toks@=\toks14
)
\@linkdim=\dimen102
\Hy@linkcounter=\count79
\Hy@pagecounter=\count80

(/usr/share/texmf/tex/latex/hyperref/pd1enc.def
File: pd1enc.def 2003/11/30 v6.74m Hyperref: PDFDocEncoding definition (HO)
Now handling font encoding PD1 ...
... no UTF-8 mapping file for font encoding PD1
)
(/usr/share/texmf/tex/latex/hyperref/hyperref.cfg
File: hyperref.cfg 2002/06/06 v1.2 hyperref configuration of TeXLive and teTeX
)
Package hyperref Info: Option `colorlinks' set `true' on input line 1830.
Package hyperref Info: Option `bookmarks' set `true' on input line 1830.
Package hyperref Info: Option `hyperindex' set `false' on input line 1830.
Package hyperref Info: Hyper figures OFF on input line 1880.
Package hyperref Info: Link nesting OFF on input line 1885.
Package hyperref Info: Hyper index OFF on input line 1890.
Package hyperref Info: Plain pages ON on input line 1893.
Package hyperref Info: Backreferencing OFF on input line 1900.

Implicit mode ON; LaTeX internals redefined
Package hyperref Info: Bookmarks ON on input line 2004.
(/usr/share/texmf/tex/latex/url/url.sty
\Urlmuskip=\muskip10
Package: url 2004/03/15  ver 3.1  Verb mode for urls, etc.
)
LaTeX Info: Redefining \url on input line 2143.
\Fld@menulength=\count81
\Field@Width=\dimen103
\Fld@charsize=\dimen104
\Choice@toks=\toks15
\Field@toks=\toks16
Package hyperref Info: Hyper figures OFF on input line 2618.
Package hyperref Info: Link nesting OFF on input line 2623.
Package hyperref Info: Hyper index OFF on input line 2628.
Package hyperref Info: backreferencing OFF on input line 2633.
Package hyperref Info: Link coloring ON on input line 2636.
\c@Item=\count82
\c@Hfootnote=\count83
)
*hyperref using default driver hpdftex*
(/usr/share/texmf/tex/latex/hyperref/hpdftex.def
File: hpdftex.def 2003/11/30 v6.74m Hyperref driver for pdfTeX
\Fld@listcount=\count84
\@outlinefile=\write3
)

! LaTeX Error: File `glossaries.sty' not found.

Type X to quit or <RETURN> to proceed,
or enter new name. (Default extension: sty)

Enter file name: 

! LaTeX Error: Unknown option `toc' for package `glossaries'.

See the LaTeX manual or LaTeX Companion for explanation.
Type  H <return>  for immediate help.
 ...                                              
                                                  
l.79 
     
? 
! Undefined control sequence.
l.80 \RecordChanges
                   
? 
! Undefined control sequence.
l.82 \makeglossaries
                    
? 

! LaTeX Error: \main undefined.

See the LaTeX manual or LaTeX Companion for explanation.
Type  H <return>  for immediate help.
 ...                                              
                                                  
l.84 \renewcommand*{\main}
                          [1]{\hyperpage{#1}}
? 
! Undefined control sequence.
l.88 \newglossaryentry
                      {xindy}{
? 

! LaTeX Error: Missing \begin{document}.

See the LaTeX manual or LaTeX Companion for explanation.
Type  H <return>  for immediate help.
 ...                                              
                                                  
l.88 \newglossaryentry{x
                        indy}{
? 
! Undefined control sequence.
l.89   name={\appfmt
                    {xindy}\index{xindy|htextbf}},
? 
! Undefined control sequence.
l.91   text={\protect\app
                         {xindy}},
? 

Overfull \hbox (44.43848pt too wide) in paragraph at lines 88--95
[]\T1/cmr/m/n/10 xindy
 []


Overfull \hbox (58.31909pt too wide) in paragraph at lines 88--95
\T1/cmr/m/n/10 name=xindy,
 []


Overfull \hbox (51.73737pt too wide) in paragraph at lines 88--95
\T1/cmr/m/n/10 sort=xindy,
 []


Overfull \hbox (52.48718pt too wide) in paragraph at lines 88--95
\T1/cmr/m/n/10 text=xindy,
 []


Overfull \hbox (13.33008pt too wide) in paragraph at lines 88--95
\T1/cmr/m/n/10 de-
 []


Overfull \hbox (23.96637pt too wide) in paragraph at lines 88--95
\T1/cmr/m/n/10 scrip-
 []


Overfull \hbox (38.04626pt too wide) in paragraph at lines 88--95
\T1/cmr/m/n/10 tion=An
 []


Overfull \hbox (18.60657pt too wide) in paragraph at lines 88--95
\T1/cmr/m/n/10 flex-
 []


Overfull \hbox (6.10962pt too wide) in paragraph at lines 88--95
\T1/cmr/m/n/10 i-
 []


Overfull \hbox (12.77466pt too wide) in paragraph at lines 88--95
\T1/cmr/m/n/10 ble
 []


Overfull \hbox (11.66382pt too wide) in paragraph at lines 88--95
\T1/cmr/m/n/10 in-
 []


Overfull \hbox (18.60657pt too wide) in paragraph at lines 88--95
\T1/cmr/m/n/10 dex-
 []


Overfull \hbox (13.33008pt too wide) in paragraph at lines 88--95
\T1/cmr/m/n/10 ing
 []


Overfull \hbox (13.8855pt too wide) in paragraph at lines 88--95
\T1/cmr/m/n/10 ap-
 []


Overfull \hbox (14.44092pt too wide) in paragraph at lines 88--95
\T1/cmr/m/n/10 pli-
 []


Overfull \hbox (12.77466pt too wide) in paragraph at lines 88--95
\T1/cmr/m/n/10 ca-
 []


Overfull \hbox (17.21802pt too wide) in paragraph at lines 88--95
\T1/cmr/m/n/10 tion
 []


Overfull \hbox (19.4397pt too wide) in paragraph at lines 88--95
\T1/cmr/m/n/10 with
 []


Overfull \hbox (19.7174pt too wide) in paragraph at lines 88--95
\T1/cmr/m/n/10 mul-
 []


Overfull \hbox (9.99756pt too wide) in paragraph at lines 88--95
\T1/cmr/m/n/10 ti-
 []


Overfull \hbox (14.44092pt too wide) in paragraph at lines 88--95
\T1/cmr/m/n/10 lin-
 []


Overfull \hbox (18.32886pt too wide) in paragraph at lines 88--95
\T1/cmr/m/n/10 gual
 []


Overfull \hbox (18.3844pt too wide) in paragraph at lines 88--95
\T1/cmr/m/n/10 sup-
 []


Overfull \hbox (18.63434pt too wide) in paragraph at lines 88--95
\T1/cmr/m/n/10 port
 []


Overfull \hbox (21.13373pt too wide) in paragraph at lines 88--95
\T1/cmr/m/n/10 writ-
 []


Overfull \hbox (13.8855pt too wide) in paragraph at lines 88--95
\T1/cmr/m/n/10 ten
 []


Overfull \hbox (8.3313pt too wide) in paragraph at lines 88--95
\T1/cmr/m/n/10 in
 []


Overfull \hbox (17.66235pt too wide) in paragraph at lines 88--95
\T1/cmr/m/n/10 Perl
 []

! Undefined control sequence.
l.96 \newglossaryentry
                      {makeindex}{%
? 

! LaTeX Error: Missing \begin{document}.

See the LaTeX manual or LaTeX Companion for explanation.
Type  H <return>  for immediate help.
 ...                                              
                                                  
l.96 \newglossaryentry{m
                        akeindex}{%
? 
! Undefined control sequence.
l.97   name={\appfmt
                    {makeindex}\index{makeindex|htextbf}},%
? 
! Undefined control sequence.
l.99   text={\protect\app
                         {makeindex}},%
? 

Overfull \hbox (363.41614pt too wide) in paragraph at lines 96--102
[]\T1/cmr/m/n/10 makeindexname=makeindex,sort=makeindex,text=makeindex,descript
ion=An
 []


Overfull \hbox (11.66382pt too wide) in paragraph at lines 96--102
\T1/cmr/m/n/10 in-
 []


Overfull \hbox (18.60657pt too wide) in paragraph at lines 96--102
\T1/cmr/m/n/10 dex-
 []


Overfull \hbox (13.33008pt too wide) in paragraph at lines 96--102
\T1/cmr/m/n/10 ing
 []


Overfull \hbox (13.8855pt too wide) in paragraph at lines 96--102
\T1/cmr/m/n/10 ap-
 []


Overfull \hbox (14.44092pt too wide) in paragraph at lines 96--102
\T1/cmr/m/n/10 pli-
 []


Overfull \hbox (12.77466pt too wide) in paragraph at lines 96--102
\T1/cmr/m/n/10 ca-
 []


Overfull \hbox (19.99512pt too wide) in paragraph at lines 96--102
\T1/cmr/m/n/10 tion,
 []

! Undefined control sequence.
l.106 \newglossaryentry
                       {firstuse}{%
? 

! LaTeX Error: Missing \begin{document}.

See the LaTeX manual or LaTeX Companion for explanation.
Type  H <return>  for immediate help.
 ...                                              
                                                  
l.106 \newglossaryentry{f
                         irstuse}{%
? 
! Undefined control sequence.
l.107   name={First use\ifirstuse
                                 },
? 
! Undefined control sequence.
l.113   following commands: \ics
                                {gls}, \ics{Gls}, \ics{GLS}, \ics{glspl},
? 
! Undefined control sequence.
l.113   following commands: \ics{gls}, \ics
                                           {Gls}, \ics{GLS}, \ics{glspl},
? 
! Undefined control sequence.
l.113 ...wing commands: \ics{gls}, \ics{Gls}, \ics
                                                  {GLS}, \ics{glspl},
? 
! Undefined control sequence.
l.113 ...ds: \ics{gls}, \ics{Gls}, \ics{GLS}, \ics
                                                  {glspl},
? 
! Undefined control sequence.
l.114   \ics
            {Glspl}, \ics{GLSpl} or \ics{glsdisp}.
? 
! Undefined control sequence.
l.114   \ics{Glspl}, \ics
                         {GLSpl} or \ics{glsdisp}.
? 
! Undefined control sequence.
l.114   \ics{Glspl}, \ics{GLSpl} or \ics
                                        {glsdisp}.
? 
! Undefined control sequence.
l.115   \glsseeformat
                     {firstuseflag,firstusetext}{}\nopostdesc}%
? 
! Undefined control sequence.
l.115 ...t{firstuseflag,firstusetext}{}\nopostdesc
                                                  }%
? 

Overfull \hbox (103.3963pt too wide) in paragraph at lines 106--117
[]\T1/cmr/m/n/10 firstusename=First
 []


Overfull \hbox (16.71814pt too wide) in paragraph at lines 106--117
\T1/cmr/m/n/10 use,
 []


Overfull \hbox (41.82312pt too wide) in paragraph at lines 106--117
\T1/cmr/m/n/10 sort=first
 []


Overfull \hbox (59.29108pt too wide) in paragraph at lines 106--117
\T1/cmr/m/n/10 use,text=first
 []


Overfull \hbox (64.65088pt too wide) in paragraph at lines 106--117
\T1/cmr/m/n/10 use,user1=first
 []


Overfull \hbox (22.27234pt too wide) in paragraph at lines 106--117
\T1/cmr/m/n/10 used,
 []


Overfull \hbox (13.33008pt too wide) in paragraph at lines 106--117
\T1/cmr/m/n/10 de-
 []


Overfull \hbox (23.96637pt too wide) in paragraph at lines 106--117
\T1/cmr/m/n/10 scrip-
 []


Overfull \hbox (42.21191pt too wide) in paragraph at lines 106--117
\T1/cmr/m/n/10 tion=The
 []


Overfull \hbox (17.30133pt too wide) in paragraph at lines 106--117
\T1/cmr/m/n/10 first
 []


Overfull \hbox (19.4397pt too wide) in paragraph at lines 106--117
\T1/cmr/m/n/10 time
 []


Overfull \hbox (4.99878pt too wide) in paragraph at lines 106--117
\T1/cmr/m/n/10 a
 []


Overfull \hbox (20.05066pt too wide) in paragraph at lines 106--117
\T1/cmr/m/n/10 glos-
 []


Overfull \hbox (18.13446pt too wide) in paragraph at lines 106--117
\T1/cmr/m/n/10 sary
 []


Overfull \hbox (13.33008pt too wide) in paragraph at lines 106--117
\T1/cmr/m/n/10 en-
 []


Overfull \hbox (13.08014pt too wide) in paragraph at lines 106--117
\T1/cmr/m/n/10 try
 []


Overfull \hbox (6.72058pt too wide) in paragraph at lines 106--117
\T1/cmr/m/n/10 is
 []


Overfull \hbox (19.49524pt too wide) in paragraph at lines 106--117
\T1/cmr/m/n/10 used
 []


Overfull \hbox (24.18854pt too wide) in paragraph at lines 106--117
\T1/cmr/m/n/10 (from
 []


Overfull \hbox (13.8855pt too wide) in paragraph at lines 106--117
\T1/cmr/m/n/10 the
 []


Overfull \hbox (20.63385pt too wide) in paragraph at lines 106--117
\T1/cmr/m/n/10 start
 []


Overfull \hbox (8.05359pt too wide) in paragraph at lines 106--117
\T1/cmr/m/n/10 of
 []


Overfull \hbox (13.8855pt too wide) in paragraph at lines 106--117
\T1/cmr/m/n/10 the
 []


Overfull \hbox (18.60657pt too wide) in paragraph at lines 106--117
\T1/cmr/m/n/10 doc-
 []


Overfull \hbox (8.88672pt too wide) in paragraph at lines 106--117
\T1/cmr/m/n/10 u-
 []


Overfull \hbox (21.93909pt too wide) in paragraph at lines 106--117
\T1/cmr/m/n/10 ment
 []


Overfull \hbox (8.91449pt too wide) in paragraph at lines 106--117
\T1/cmr/m/n/10 or
 []


Overfull \hbox (11.38611pt too wide) in paragraph at lines 106--117
\T1/cmr/m/n/10 af-
 []


Overfull \hbox (12.24701pt too wide) in paragraph at lines 106--117
\T1/cmr/m/n/10 ter
 []


Overfull \hbox (4.99878pt too wide) in paragraph at lines 106--117
\T1/cmr/m/n/10 a
 []


Overfull \hbox (11.69159pt too wide) in paragraph at lines 106--117
\T1/cmr/m/n/10 re-
 []


Overfull \hbox (16.16272pt too wide) in paragraph at lines 106--117
\T1/cmr/m/n/10 set)
 []


Overfull \hbox (19.4397pt too wide) in paragraph at lines 106--117
\T1/cmr/m/n/10 with
 []


Overfull \hbox (14.99634pt too wide) in paragraph at lines 106--117
\T1/cmr/m/n/10 one
 []


Overfull \hbox (8.05359pt too wide) in paragraph at lines 106--117
\T1/cmr/m/n/10 of
 []


Overfull \hbox (13.8855pt too wide) in paragraph at lines 106--117
\T1/cmr/m/n/10 the
 []


Overfull \hbox (14.16321pt too wide) in paragraph at lines 106--117
\T1/cmr/m/n/10 fol-
 []


Overfull \hbox (18.05115pt too wide) in paragraph at lines 106--117
\T1/cmr/m/n/10 low-
 []


Overfull \hbox (13.33008pt too wide) in paragraph at lines 106--117
\T1/cmr/m/n/10 ing
 []


Overfull \hbox (21.10596pt too wide) in paragraph at lines 106--117
\T1/cmr/m/n/10 com-
 []


Overfull \hbox (31.15906pt too wide) in paragraph at lines 106--117
\T1/cmr/m/n/10 mands:
 []


Overfull \hbox (14.49646pt too wide) in paragraph at lines 106--117
\T1/cmr/m/n/10 gls,
 []


Overfull \hbox (17.34299pt too wide) in paragraph at lines 106--117
\T1/cmr/m/n/10 Gls,
 []


Overfull \hbox (22.42508pt too wide) in paragraph at lines 106--117
\T1/cmr/m/n/10 GLS,
 []


Overfull \hbox (22.82776pt too wide) in paragraph at lines 106--117
\T1/cmr/m/n/10 glspl,
 []


Overfull \hbox (25.67429pt too wide) in paragraph at lines 106--117
\T1/cmr/m/n/10 Glspl,
 []


Overfull \hbox (27.97928pt too wide) in paragraph at lines 106--117
\T1/cmr/m/n/10 GLSpl
 []


Overfull \hbox (8.91449pt too wide) in paragraph at lines 106--117
\T1/cmr/m/n/10 or
 []


Overfull \hbox (15.05188pt too wide) in paragraph at lines 106--117
\T1/cmr/m/n/10 gls-
 []


Overfull \hbox (20.60608pt too wide) in paragraph at lines 106--117
\T1/cmr/m/n/10 disp.
 []


Overfull \hbox (16.74591pt too wide) in paragraph at lines 106--117
\T1/cmr/m/n/10 firs-
 []


Overfull \hbox (21.1615pt too wide) in paragraph at lines 106--117
\T1/cmr/m/n/10 tuse-
 []


Overfull \hbox (67.06696pt too wide) in paragraph at lines 106--117
\T1/cmr/m/n/10 flag,firstusetext 
 []

! Undefined control sequence.
l.118 \newglossaryentry
                       {firstuseflag}{%
? 

! LaTeX Error: Missing \begin{document}.

See the LaTeX manual or LaTeX Companion for explanation.
Type  H <return>  for immediate help.
 ...                                              
                                                  
l.118 \newglossaryentry{f
                         irstuseflag}{%
? 
! Undefined control sequence.
l.119 name={First use flag\ifirstuseflag
                                        },
? 
! Undefined control sequence.
l.123 has been used according to the rules of \gls
                                                  {firstuse}}%
? 

Overfull \hbox (118.94806pt too wide) in paragraph at lines 118--125
[]\T1/cmr/m/n/10 firstuseflagname=First
 []


Overfull \hbox (13.94104pt too wide) in paragraph at lines 118--125
\T1/cmr/m/n/10 use
 []


Overfull \hbox (18.32886pt too wide) in paragraph at lines 118--125
\T1/cmr/m/n/10 flag,
 []


Overfull \hbox (41.82312pt too wide) in paragraph at lines 118--125
\T1/cmr/m/n/10 sort=first
 []


Overfull \hbox (13.94104pt too wide) in paragraph at lines 118--125
\T1/cmr/m/n/10 use
 []


Overfull \hbox (60.9018pt too wide) in paragraph at lines 118--125
\T1/cmr/m/n/10 flag,text=first
 []


Overfull \hbox (13.94104pt too wide) in paragraph at lines 118--125
\T1/cmr/m/n/10 use
 []


Overfull \hbox (81.45233pt too wide) in paragraph at lines 118--125
\T1/cmr/m/n/10 flag,description=A
 []


Overfull \hbox (18.32886pt too wide) in paragraph at lines 118--125
\T1/cmr/m/n/10 con-
 []


Overfull \hbox (11.66382pt too wide) in paragraph at lines 118--125
\T1/cmr/m/n/10 di-
 []


Overfull \hbox (24.9939pt too wide) in paragraph at lines 118--125
\T1/cmr/m/n/10 tional
 []


Overfull \hbox (18.32886pt too wide) in paragraph at lines 118--125
\T1/cmr/m/n/10 that
 []


Overfull \hbox (13.33008pt too wide) in paragraph at lines 118--125
\T1/cmr/m/n/10 de-
 []


Overfull \hbox (15.57953pt too wide) in paragraph at lines 118--125
\T1/cmr/m/n/10 ter-
 []


Overfull \hbox (25.04944pt too wide) in paragraph at lines 118--125
\T1/cmr/m/n/10 mines
 []


Overfull \hbox (35.01923pt too wide) in paragraph at lines 118--125
\T1/cmr/m/n/10 whether
 []


Overfull \hbox (8.91449pt too wide) in paragraph at lines 118--125
\T1/cmr/m/n/10 or
 []


Overfull \hbox (14.44092pt too wide) in paragraph at lines 118--125
\T1/cmr/m/n/10 not
 []


Overfull \hbox (13.8855pt too wide) in paragraph at lines 118--125
\T1/cmr/m/n/10 the
 []


Overfull \hbox (13.33008pt too wide) in paragraph at lines 118--125
\T1/cmr/m/n/10 en-
 []


Overfull \hbox (13.08014pt too wide) in paragraph at lines 118--125
\T1/cmr/m/n/10 try
 []


Overfull \hbox (14.49646pt too wide) in paragraph at lines 118--125
\T1/cmr/m/n/10 has
 []


Overfull \hbox (20.27283pt too wide) in paragraph at lines 118--125
\T1/cmr/m/n/10 been
 []


Overfull \hbox (19.49524pt too wide) in paragraph at lines 118--125
\T1/cmr/m/n/10 used
 []


Overfull \hbox (12.77466pt too wide) in paragraph at lines 118--125
\T1/cmr/m/n/10 ac-
 []


Overfull \hbox (22.24457pt too wide) in paragraph at lines 118--125
\T1/cmr/m/n/10 cord-
 []


Overfull \hbox (13.33008pt too wide) in paragraph at lines 118--125
\T1/cmr/m/n/10 ing
 []


Overfull \hbox (8.88672pt too wide) in paragraph at lines 118--125
\T1/cmr/m/n/10 to
 []


Overfull \hbox (13.8855pt too wide) in paragraph at lines 118--125
\T1/cmr/m/n/10 the
 []


Overfull \hbox (20.63385pt too wide) in paragraph at lines 118--125
\T1/cmr/m/n/10 rules
 []


Overfull \hbox (8.05359pt too wide) in paragraph at lines 118--125
\T1/cmr/m/n/10 of
 []


Overfull \hbox (16.74591pt too wide) in paragraph at lines 118--125
\T1/cmr/m/n/10 firs-
 []


Overfull \hbox (17.82898pt too wide) in paragraph at lines 118--125
\T1/cmr/m/n/10 tuse 
 []


! LaTeX Error: The font size command \normalsize is not defined:
               there is probably something wrong with the class file.

See the LaTeX manual or LaTeX Companion for explanation.
Type  H <return>  for immediate help.
 ...                                              
                                                  
l.125 
      
? 
[1{/usr/share/texmf-var/fonts/map/pdftex/updmap/pdftex.map}]
! Undefined control sequence.
l.126 \newglossaryentry
                       {firstusetext}{%
? 

! LaTeX Error: Missing \begin{document}.

See the LaTeX manual or LaTeX Companion for explanation.
Type  H <return>  for immediate help.
 ...                                              
                                                  
l.126 \newglossaryentry{f
                         irstusetext}{%
? 
! Undefined control sequence.
l.127 name={First use text\ifirstusetext
                                        },
? 
! Undefined control sequence.
l.130 ...ption={The text that is displayed on \gls
                                                  {firstuse}, which is
? 
! Undefined control sequence.
l.131 governed by the \gloskey
                              {first} and \gloskey{firstplural} keys of
? 
! Undefined control sequence.
l.131 governed by the \gloskey{first} and \gloskey
                                                  {firstplural} keys of
? 
! Undefined control sequence.
l.132 \ics
          {newglossaryentry}. (May be overridden by
? 
! Undefined control sequence.
l.133 \ics
          {glsdisp}.)\nopostdesc}%
? 
! Undefined control sequence.
l.133 \ics{glsdisp}.)\nopostdesc
                                }%
? 

Overfull \hbox (120.89203pt too wide) in paragraph at lines 126--135
[]\T1/cmr/m/n/10 firstusetextname=First
 []


Overfull \hbox (13.94104pt too wide) in paragraph at lines 126--135
\T1/cmr/m/n/10 use
 []


Overfull \hbox (20.27283pt too wide) in paragraph at lines 126--135
\T1/cmr/m/n/10 text,
 []


Overfull \hbox (41.82312pt too wide) in paragraph at lines 126--135
\T1/cmr/m/n/10 sort=first
 []


Overfull \hbox (13.94104pt too wide) in paragraph at lines 126--135
\T1/cmr/m/n/10 use
 []


Overfull \hbox (62.84576pt too wide) in paragraph at lines 126--135
\T1/cmr/m/n/10 text,text=first
 []


Overfull \hbox (13.94104pt too wide) in paragraph at lines 126--135
\T1/cmr/m/n/10 use
 []


Overfull \hbox (93.11615pt too wide) in paragraph at lines 126--135
\T1/cmr/m/n/10 text,description=The
 []


Overfull \hbox (17.49573pt too wide) in paragraph at lines 126--135
\T1/cmr/m/n/10 text
 []


Overfull \hbox (18.32886pt too wide) in paragraph at lines 126--135
\T1/cmr/m/n/10 that
 []


Overfull \hbox (6.72058pt too wide) in paragraph at lines 126--135
\T1/cmr/m/n/10 is
 []


Overfull \hbox (15.6073pt too wide) in paragraph at lines 126--135
\T1/cmr/m/n/10 dis-
 []


Overfull \hbox (28.0487pt too wide) in paragraph at lines 126--135
\T1/cmr/m/n/10 played
 []


Overfull \hbox (10.55298pt too wide) in paragraph at lines 126--135
\T1/cmr/m/n/10 on
 []


Overfull \hbox (16.74591pt too wide) in paragraph at lines 126--135
\T1/cmr/m/n/10 firs-
 []


Overfull \hbox (20.60608pt too wide) in paragraph at lines 126--135
\T1/cmr/m/n/10 tuse,
 []


Overfull \hbox (25.2716pt too wide) in paragraph at lines 126--135
\T1/cmr/m/n/10 which
 []


Overfull \hbox (6.72058pt too wide) in paragraph at lines 126--135
\T1/cmr/m/n/10 is
 []


Overfull \hbox (18.32886pt too wide) in paragraph at lines 126--135
\T1/cmr/m/n/10 gov-
 []


Overfull \hbox (23.91083pt too wide) in paragraph at lines 126--135
\T1/cmr/m/n/10 erned
 []


Overfull \hbox (10.55298pt too wide) in paragraph at lines 126--135
\T1/cmr/m/n/10 by
 []


Overfull \hbox (13.8855pt too wide) in paragraph at lines 126--135
\T1/cmr/m/n/10 the
 []


Overfull \hbox (17.30133pt too wide) in paragraph at lines 126--135
\T1/cmr/m/n/10 first
 []


Overfull \hbox (16.10718pt too wide) in paragraph at lines 126--135
\T1/cmr/m/n/10 and
 []


Overfull \hbox (20.63385pt too wide) in paragraph at lines 126--135
\T1/cmr/m/n/10 first-
 []


Overfull \hbox (17.21802pt too wide) in paragraph at lines 126--135
\T1/cmr/m/n/10 plu-
 []


Overfull \hbox (11.69159pt too wide) in paragraph at lines 126--135
\T1/cmr/m/n/10 ral
 []


Overfull \hbox (18.66211pt too wide) in paragraph at lines 126--135
\T1/cmr/m/n/10 keys
 []


Overfull \hbox (8.05359pt too wide) in paragraph at lines 126--135
\T1/cmr/m/n/10 of
 []


Overfull \hbox (20.55054pt too wide) in paragraph at lines 126--135
\T1/cmr/m/n/10 new-
 []


Overfull \hbox (20.05066pt too wide) in paragraph at lines 126--135
\T1/cmr/m/n/10 glos-
 []


Overfull \hbox (31.18683pt too wide) in paragraph at lines 126--135
\T1/cmr/m/n/10 saryen-
 []


Overfull \hbox (15.02411pt too wide) in paragraph at lines 126--135
\T1/cmr/m/n/10 try.
 []


Overfull \hbox (23.04993pt too wide) in paragraph at lines 126--135
\T1/cmr/m/n/10 (May
 []


Overfull \hbox (10.27527pt too wide) in paragraph at lines 126--135
\T1/cmr/m/n/10 be
 []


Overfull \hbox (21.41144pt too wide) in paragraph at lines 126--135
\T1/cmr/m/n/10 over-
 []


Overfull \hbox (15.57953pt too wide) in paragraph at lines 126--135
\T1/cmr/m/n/10 rid-
 []


Overfull \hbox (15.55176pt too wide) in paragraph at lines 126--135
\T1/cmr/m/n/10 den
 []


Overfull \hbox (10.55298pt too wide) in paragraph at lines 126--135
\T1/cmr/m/n/10 by
 []


Overfull \hbox (15.05188pt too wide) in paragraph at lines 126--135
\T1/cmr/m/n/10 gls-
 []


Overfull \hbox (24.49402pt too wide) in paragraph at lines 126--135
\T1/cmr/m/n/10 disp.) 
 []

! Undefined control sequence.
l.136 \doxitem
              {Option}{option}{package options}
? 

! LaTeX Error: Missing \begin{document}.

See the LaTeX manual or LaTeX Companion for explanation.
Type  H <return>  for immediate help.
 ...                                              
                                                  
l.136 \doxitem{O
                ption}{option}{package options}
? 
! Undefined control sequence.
l.137 \doxitem
              {GlsKey}{key}{glossary keys}
? 
! Undefined control sequence.
l.138 \doxitem
              {Style}{style}{glossary styles}
? 
! Undefined control sequence.
l.139 \doxitem
              {Counter}{counter}{glossary counters}
? 
! Undefined control sequence.
l.140 \doxitem
              {AcrStyle}{acrstyle}{acronym styles}
? 

Overfull \hbox (112.1997pt too wide) in paragraph at lines 136--141
[]\T1/cmr/m/n/10 Optionoptionpackage
 []


Overfull \hbox (13.8855pt too wide) in paragraph at lines 136--141
\T1/cmr/m/n/10 op-
 []


Overfull \hbox (21.1615pt too wide) in paragraph at lines 136--141
\T1/cmr/m/n/10 tions
 []


Overfull \hbox (50.11276pt too wide) in paragraph at lines 136--141
\T1/cmr/m/n/10 GlsKeykey-
 []


Overfull \hbox (20.05066pt too wide) in paragraph at lines 136--141
\T1/cmr/m/n/10 glos-
 []


Overfull \hbox (18.13446pt too wide) in paragraph at lines 136--141
\T1/cmr/m/n/10 sary
 []


Overfull \hbox (18.66211pt too wide) in paragraph at lines 136--141
\T1/cmr/m/n/10 keys
 []


Overfull \hbox (45.04456pt too wide) in paragraph at lines 136--141
\T1/cmr/m/n/10 Stylestyle-
 []


Overfull \hbox (20.05066pt too wide) in paragraph at lines 136--141
\T1/cmr/m/n/10 glos-
 []


Overfull \hbox (18.13446pt too wide) in paragraph at lines 136--141
\T1/cmr/m/n/10 sary
 []


Overfull \hbox (23.99414pt too wide) in paragraph at lines 136--141
\T1/cmr/m/n/10 styles
 []


Overfull \hbox (26.66016pt too wide) in paragraph at lines 136--141
\T1/cmr/m/n/10 Coun-
 []


Overfull \hbox (15.57953pt too wide) in paragraph at lines 136--141
\T1/cmr/m/n/10 ter-
 []


Overfull \hbox (23.88306pt too wide) in paragraph at lines 136--141
\T1/cmr/m/n/10 coun-
 []


Overfull \hbox (15.57953pt too wide) in paragraph at lines 136--141
\T1/cmr/m/n/10 ter-
 []


Overfull \hbox (20.05066pt too wide) in paragraph at lines 136--141
\T1/cmr/m/n/10 glos-
 []


Overfull \hbox (18.13446pt too wide) in paragraph at lines 136--141
\T1/cmr/m/n/10 sary
 []


Overfull \hbox (23.88306pt too wide) in paragraph at lines 136--141
\T1/cmr/m/n/10 coun-
 []


Overfull \hbox (16.19049pt too wide) in paragraph at lines 136--141
\T1/cmr/m/n/10 ters
 []


Overfull \hbox (107.89032pt too wide) in paragraph at lines 136--141
\T1/cmr/m/n/10 AcrStyleacrstyleacronym
 []


Overfull \hbox (23.99414pt too wide) in paragraph at lines 136--141
\T1/cmr/m/n/10 styles 
 []


! LaTeX Error: No counter 'IndexColumns' defined.

See the LaTeX manual or LaTeX Companion for explanation.
Type  H <return>  for immediate help.
 ...                                              
                                                  
l.142 \setcounter{IndexColumns}{2}
                                  
? 
! Undefined control sequence.
l.144 \CheckSum
               {18645}
? 

! LaTeX Error: Missing \begin{document}.

See the LaTeX manual or LaTeX Companion for explanation.
Type  H <return>  for immediate help.
 ...                                              
                                                  
l.144 \CheckSum{1
                 8645}
? 

Overfull \hbox (44.9939pt too wide) in paragraph at lines 144--145
[]\T1/cmr/m/n/10 18645 
 []

No file glossaries-code.aux.
\openout1 = `glossaries-code.aux'.

LaTeX Font Info:    Checking defaults for OML/cmm/m/it on input line 164.
LaTeX Font Info:    ... okay on input line 164.
LaTeX Font Info:    Checking defaults for T1/cmr/m/n on input line 164.
LaTeX Font Info:    ... okay on input line 164.
LaTeX Font Info:    Checking defaults for OT1/cmr/m/n on input line 164.
LaTeX Font Info:    ... okay on input line 164.
LaTeX Font Info:    Checking defaults for OMS/cmsy/m/n on input line 164.
LaTeX Font Info:    ... okay on input line 164.
LaTeX Font Info:    Checking defaults for OMX/cmex/m/n on input line 164.
LaTeX Font Info:    ... okay on input line 164.
LaTeX Font Info:    Checking defaults for U/cmr/m/n on input line 164.
LaTeX Font Info:    ... okay on input line 164.
LaTeX Font Info:    Checking defaults for PD1/pdf/m/n on input line 164.
LaTeX Font Info:    ... okay on input line 164.

! LaTeX Error: The font size command \normalsize is not defined:
               there is probably something wrong with the class file.

See the LaTeX manual or LaTeX Companion for explanation.
Type  H <return>  for immediate help.
 ...                                              
                                                  
l.164 \begin{document}
                      
? 
(/usr/share/texmf/tex/latex/graphics/color.sty
Package: color 1999/02/16 v1.0i Standard LaTeX Color (DPC)

(/usr/share/texmf/tex/latex/graphics/color.cfg
File: color.cfg 2005/02/03 v1.3 color configuration of teTeX/TeXLive
)
Package color Info: Driver file: pdftex.def on input line 125.

(/usr/share/texmf/tex/latex/graphics/pdftex.def
File: pdftex.def 2002/06/19 v0.03k graphics/color for pdftex
\Gread@gobject=\count85

(/usr/share/texmf/tex/context/base/supp-pdf.tex
(/usr/share/texmf/tex/context/base/supp-mis.tex
loading : Context Support Macros / Miscellaneous (2004.10.26)
\protectiondepth=\count86
\scratchcounter=\count87
\scratchtoks=\toks17
\scratchdimen=\dimen105
\scratchskip=\skip41
\scratchmuskip=\muskip11
\scratchbox=\box26
\scratchread=\read1
\scratchwrite=\write4
\zeropoint=\dimen106
\onepoint=\dimen107
\onebasepoint=\dimen108
\minusone=\count88
\thousandpoint=\dimen109
\onerealpoint=\dimen110
\emptytoks=\toks18
\nextbox=\box27
\nextdepth=\dimen111
\everyline=\toks19
\!!counta=\count89
\!!countb=\count90
\recursecounter=\count91
)
loading : Context Support Macros / PDF (2004.03.26)
\nofMPsegments=\count92
\nofMParguments=\count93
\MPscratchCnt=\count94
\MPscratchDim=\dimen112
\MPnumerator=\count95
\everyMPtoPDFconversion=\toks20
)))
Package hyperref Info: Link coloring ON on input line 164.
 (/usr/share/texmf/tex/latex/hyperref/nameref.sty
Package: nameref 2003/12/03 v2.21 Cross-referencing by name of section
\c@section@level=\count96
)
LaTeX Info: Redefining \ref on input line 164.
LaTeX Info: Redefining \pageref on input line 164.
\openout3 = `glossaries-code.out'.


! Undefined control sequence.
l.165 \DocInput
               {glossaries.dtx}
? 

! LaTeX Error: The font size command \normalsize is not defined:
               there is probably something wrong with the class file.

See the LaTeX manual or LaTeX Companion for explanation.
Type  H <return>  for immediate help.
 ...                                              
                                                  
l.166 \end{document}
                    
? 
[2] (./glossaries-code.aux) ) 
Here is how much of TeX's memory you used:
 2685 strings out of 94500
 34264 string characters out of 1176766
 83937 words of memory out of 1000000
 5867 multiletter control sequences out of 10000+50000
 5093 words of font info for 17 fonts, out of 500000 for 2000
 580 hyphenation exceptions out of 1000
 25i,5n,21p,284b,186s stack positions out of 1500i,500n,5000p,200000b,5000s
PDF statistics:
 16 PDF objects out of 300000
 3 named destinations out of 131072
 17 words of extra memory for PDF output out of 65536
 </home/jack/.texmf-var/pk/ljfour/jknappen/ec/ecrm
1000.600pk>
Output written on glossaries-code.pdf (2 pages, 18519 bytes).
